mode: set
github.com/winadiw/go-bookings/internal/handlers/handlers.go:22.47,26.2 1 1
github.com/winadiw/go-bookings/internal/handlers/handlers.go:29.33,31.2 1 1
github.com/winadiw/go-bookings/internal/handlers/handlers.go:34.68,39.2 3 1
github.com/winadiw/go-bookings/internal/handlers/handlers.go:42.69,55.2 5 1
github.com/winadiw/go-bookings/internal/handlers/handlers.go:58.72,60.2 1 1
github.com/winadiw/go-bookings/internal/handlers/handlers.go:63.70,65.2 1 1
github.com/winadiw/go-bookings/internal/handlers/handlers.go:68.76,70.2 1 1
github.com/winadiw/go-bookings/internal/handlers/handlers.go:73.80,78.2 3 0
github.com/winadiw/go-bookings/internal/handlers/handlers.go:86.80,94.16 3 0
github.com/winadiw/go-bookings/internal/handlers/handlers.go:97.2,98.15 2 0
github.com/winadiw/go-bookings/internal/handlers/handlers.go:94.16,96.3 1 0
github.com/winadiw/go-bookings/internal/handlers/handlers.go:102.71,104.2 1 1
github.com/winadiw/go-bookings/internal/handlers/handlers.go:107.79,116.2 4 1
github.com/winadiw/go-bookings/internal/handlers/handlers.go:119.79,122.16 2 0
github.com/winadiw/go-bookings/internal/handlers/handlers.go:127.2,140.20 6 0
github.com/winadiw/go-bookings/internal/handlers/handlers.go:151.2,153.67 2 0
github.com/winadiw/go-bookings/internal/handlers/handlers.go:122.16,125.3 2 0
github.com/winadiw/go-bookings/internal/handlers/handlers.go:140.20,149.3 4 0
github.com/winadiw/go-bookings/internal/handlers/handlers.go:156.82,159.9 2 0
github.com/winadiw/go-bookings/internal/handlers/handlers.go:165.2,173.4 4 0
github.com/winadiw/go-bookings/internal/handlers/handlers.go:159.9,163.3 3 0
